2026-02-24 13:34:11,751 [INFO] Loading CASIA v2 dataset paths...
2026-02-24 13:34:11,753 [INFO] Authentic images: 0
2026-02-24 13:34:11,754 [INFO] Tampered  images: 0
2026-02-24 13:36:44,635 [INFO] Loading CASIA v2 dataset paths...
2026-02-24 13:36:45,434 [INFO] Authentic images: 14874
2026-02-24 13:36:45,434 [INFO] Tampered  images: 7187
2026-02-24 13:36:45,469 [INFO] Train: 15442 | Val: 3309 | Test: 3310
2026-02-24 13:36:45,470 [INFO] Extracting SVM features (train)...
2026-02-24 13:36:45,470 [INFO]   Extracting SVM features: 0/15442
2026-02-24 13:37:06,758 [INFO]   Extracting SVM features: 500/15442
2026-02-24 13:37:29,009 [INFO]   Extracting SVM features: 1000/15442
2026-02-24 13:37:52,285 [INFO]   Extracting SVM features: 1500/15442
2026-02-24 13:38:09,894 [INFO]   Extracting SVM features: 2000/15442
2026-02-24 13:38:31,239 [INFO]   Extracting SVM features: 2500/15442
2026-02-24 13:38:49,071 [INFO]   Extracting SVM features: 3000/15442
2026-02-24 13:39:09,189 [INFO]   Extracting SVM features: 3500/15442
2026-02-24 13:39:31,199 [INFO]   Extracting SVM features: 4000/15442
2026-02-24 13:39:59,334 [INFO]   Extracting SVM features: 4500/15442
2026-02-24 13:40:22,040 [INFO]   Extracting SVM features: 5000/15442
2026-02-24 13:40:40,312 [INFO]   Extracting SVM features: 5500/15442
2026-02-24 13:40:56,558 [INFO]   Extracting SVM features: 6000/15442
2026-02-24 13:41:19,663 [INFO]   Extracting SVM features: 6500/15442
2026-02-24 13:41:40,398 [INFO]   Extracting SVM features: 7000/15442
2026-02-24 13:42:02,409 [INFO]   Extracting SVM features: 7500/15442
2026-02-24 13:42:22,719 [INFO]   Extracting SVM features: 8000/15442
2026-02-24 13:42:43,660 [INFO]   Extracting SVM features: 8500/15442
2026-02-24 13:42:54,199 [INFO]   Extracting SVM features: 9000/15442
2026-02-24 13:43:07,934 [INFO]   Extracting SVM features: 9500/15442
2026-02-24 13:43:19,540 [INFO]   Extracting SVM features: 10000/15442
2026-02-24 13:43:32,316 [INFO]   Extracting SVM features: 10500/15442
2026-02-24 13:43:44,744 [INFO]   Extracting SVM features: 11000/15442
2026-02-24 13:43:56,700 [INFO]   Extracting SVM features: 11500/15442
2026-02-24 13:44:08,573 [INFO]   Extracting SVM features: 12000/15442
2026-02-24 13:44:20,855 [INFO]   Extracting SVM features: 12500/15442
2026-02-24 13:44:35,643 [INFO]   Extracting SVM features: 13000/15442
2026-02-24 13:44:47,059 [INFO]   Extracting SVM features: 13500/15442
2026-02-24 13:45:00,679 [INFO]   Extracting SVM features: 14000/15442
2026-02-24 13:45:15,591 [INFO]   Extracting SVM features: 14500/15442
2026-02-24 13:45:29,546 [INFO]   Extracting SVM features: 15000/15442
2026-02-24 13:45:38,029 [INFO] Extracting SVM features (val)...
2026-02-24 13:45:38,030 [INFO]   Extracting SVM features: 0/3309
2026-02-24 13:45:48,475 [INFO]   Extracting SVM features: 500/3309
2026-02-24 13:45:57,651 [INFO]   Extracting SVM features: 1000/3309
2026-02-24 13:46:09,964 [INFO]   Extracting SVM features: 1500/3309
2026-02-24 13:46:19,313 [INFO]   Extracting SVM features: 2000/3309
2026-02-24 13:46:29,435 [INFO]   Extracting SVM features: 2500/3309
2026-02-24 13:46:38,771 [INFO]   Extracting SVM features: 3000/3309
2026-02-24 13:46:43,809 [INFO] Extracting SVM features (test)...
2026-02-24 13:46:43,809 [INFO]   Extracting SVM features: 0/3310
2026-02-24 13:46:53,004 [INFO]   Extracting SVM features: 500/3310
2026-02-24 13:47:01,742 [INFO]   Extracting SVM features: 1000/3310
2026-02-24 13:47:10,897 [INFO]   Extracting SVM features: 1500/3310
2026-02-24 13:47:19,076 [INFO]   Extracting SVM features: 2000/3310
2026-02-24 13:47:27,525 [INFO]   Extracting SVM features: 2500/3310
2026-02-24 13:47:35,819 [INFO]   Extracting SVM features: 3000/3310
2026-02-24 13:47:41,016 [INFO] Fitting StandardScaler...
2026-02-24 13:47:41,092 [INFO] Training SVM (RBF kernel, C=100)... This may take several minutes.
2026-02-24 13:49:18,574 [INFO] SVM training complete.
2026-02-24 13:49:42,720 [INFO] 
==================================================
Train Results
2026-02-24 13:49:42,721 [INFO]   Accuracy : 0.9549
2026-02-24 13:49:42,722 [INFO]   Precision: 0.9381
2026-02-24 13:49:42,722 [INFO]   Recall   : 0.9225
2026-02-24 13:49:42,722 [INFO]   F1-Score : 0.9302
2026-02-24 13:49:42,723 [INFO]   ROC-AUC  : 0.9864
2026-02-24 13:49:42,735 [INFO] 
              precision    recall  f1-score   support

   Authentic       0.96      0.97      0.97     10411
    Tampered       0.94      0.92      0.93      5031

    accuracy                           0.95     15442
   macro avg       0.95      0.95      0.95     15442
weighted avg       0.95      0.95      0.95     15442

2026-02-24 13:49:48,322 [INFO] 
==================================================
Validation Results
2026-02-24 13:49:48,323 [INFO]   Accuracy : 0.9238
2026-02-24 13:49:48,323 [INFO]   Precision: 0.8956
2026-02-24 13:49:48,324 [INFO]   Recall   : 0.8673
2026-02-24 13:49:48,325 [INFO]   F1-Score : 0.8812
2026-02-24 13:49:48,325 [INFO]   ROC-AUC  : 0.9716
2026-02-24 13:49:48,332 [INFO] 
              precision    recall  f1-score   support

   Authentic       0.94      0.95      0.94      2231
    Tampered       0.90      0.87      0.88      1078

    accuracy                           0.92      3309
   macro avg       0.92      0.91      0.91      3309
weighted avg       0.92      0.92      0.92      3309

2026-02-24 13:49:54,514 [INFO] 
==================================================
Test Results
2026-02-24 13:49:54,514 [INFO]   Accuracy : 0.9145
2026-02-24 13:49:54,515 [INFO]   Precision: 0.8863
2026-02-24 13:49:54,515 [INFO]   Recall   : 0.8460
2026-02-24 13:49:54,515 [INFO]   F1-Score : 0.8657
2026-02-24 13:49:54,515 [INFO]   ROC-AUC  : 0.9711
2026-02-24 13:49:54,521 [INFO] 
              precision    recall  f1-score   support

   Authentic       0.93      0.95      0.94      2232
    Tampered       0.89      0.85      0.87      1078

    accuracy                           0.91      3310
   macro avg       0.91      0.90      0.90      3310
weighted avg       0.91      0.91      0.91      3310

2026-02-24 13:49:54,553 [INFO] SVM model saved to: models_saved/svm.pkl
